<?xml version="1.0" encoding="UTF-8"?>
<!-- Generated by org.testng.reporters.JUnitXMLReporter -->
<testsuite ignored="1" hostname="Surajs-MacBook-Air.local" failures="0" tests="1" name="Default test" time="1.149" errors="0" timestamp="2026-03-24T17:54:06 IST">
  <testcase classname="practice.RahulShettyRegister" name="login" time="1.13"/>
  <testcase classname="practice.RahulShettyRegister" name="register" time="0.0">
    <ignored/>
  </testcase> <!-- register -->
</testsuite> <!-- Default test -->
