<?xml version="1.0" encoding="UTF-8"?>
<testng-results ignored="1" total="2" passed="1" failed="0" skipped="0">
  <reporter-output>
  </reporter-output>
  <suite started-at="2026-03-24T17:54:05 IST" name="Default suite" finished-at="2026-03-24T17:54:06 IST" duration-ms="1149">
    <groups>
    </groups>
    <test started-at="2026-03-24T17:54:05 IST" name="Default test" finished-at="2026-03-24T17:54:06 IST" duration-ms="1149">
      <class name="practice.RahulShettyRegister">
        <test-method signature="login()[pri:0, instance:practice.RahulShettyRegister@5c33f1a9]" started-at="2026-03-24T17:54:05 IST" name="login" finished-at="2026-03-24T17:54:06 IST" duration-ms="1130" status="PASS">
          <reporter-output>
          </reporter-output>
        </test-method> <!-- login -->
      </class> <!-- practice.RahulShettyRegister -->
    </test> <!-- Default test -->
  </suite> <!-- Default suite -->
</testng-results>
