<?xml version="1.0" encoding="UTF-8"?>
<!-- Generated by org.testng.reporters.JUnitReportReporter -->
<testsuite hostname="Surajs-MacBook-Air.local" failures="0" tests="1" name="com.sample.crud.withoutbbd.SampleTestForPartialUpdateTest" time="0.625" errors="0" timestamp="2026-02-25T17:41:33 IST" skipped="0">
  <testcase classname="com.sample.crud.withoutbbd.SampleTestForPartialUpdateTest" name="patchDataToServer" time="0.625"/>
</testsuite> <!-- com.sample.crud.withoutbbd.SampleTestForPartialUpdateTest -->
