<?xml version="1.0" encoding="UTF-8"?>
<!-- Generated by org.testng.reporters.JUnitReportReporter -->
<testsuite hostname="Surajs-MacBook-Air.local" failures="0" tests="1" name="practice.responseValidation.VerifyRespBody_Using_JsonPath" time="0.913" errors="0" timestamp="2026-02-27T17:21:22 IST" skipped="0">
  <testcase classname="practice.responseValidation.VerifyRespBody_Using_JsonPath" name="verifyBody" time="0.913"/>
</testsuite> <!-- practice.responseValidation.VerifyRespBody_Using_JsonPath -->
