<?xml version="1.0" encoding="UTF-8"?>
<!-- Generated by org.testng.reporters.JUnitReportReporter -->
<testsuite hostname="Surajs-MacBook-Air.local" failures="0" tests="1" name="practice.responseValidation.ToGetAllProjectId_UsingJsonPath" time="0.806" errors="1" timestamp="2026-02-26T13:13:09 IST" skipped="0">
  <testcase classname="practice.responseValidation.ToGetAllProjectId_UsingJsonPath" name="verifyBody" time="0.806">
    <error message="Invalid JSON expression:
Script1.groovy: 1: Unexpected input: &#039;[&#039; @ line 1, column 34.
   restAssuredJsonRootObject.content[*].projectId
                                    ^

1 error
" type="java.lang.IllegalArgumentException">
      <![CDATA[java.lang.IllegalArgumentException: Invalid JSON expression:
Script1.groovy: 1: Unexpected input: '[' @ line 1, column 34.
   restAssuredJsonRootObject.content[*].projectId
                                    ^

1 error

at io.restassured.internal.path.json.JSONAssertion.getAsJsonObject(JSONAssertion.java:107)
at io.restassured.internal.path.json.JSONAssertion.getResult(JSONAssertion.java:52)
at io.restassured.path.json.JsonPath.get(JsonPath.java:203)
at practice.responseValidation.ToGetAllProjectId_UsingJsonPath.verifyBody(ToGetAllProjectId_UsingJsonPath.java:18)
at java.base/jdk.internal.reflect.DirectMethodHandleAccessor.invoke(DirectMethodHandleAccessor.java:103)
at java.base/java.lang.reflect.Method.invoke(Method.java:580)
at org.testng.internal.invokers.MethodInvocationHelper.invokeMethod(MethodInvocationHelper.java:141)
at org.testng.internal.invokers.TestInvoker.invokeMethod(TestInvoker.java:697)
at org.testng.internal.invokers.TestInvoker.invokeTestMethod(TestInvoker.java:230)
at org.testng.internal.invokers.MethodRunner.runInSequence(MethodRunner.java:63)
at org.testng.internal.invokers.TestInvoker$MethodInvocationAgent.invoke(TestInvoker.java:1005)
at org.testng.internal.invokers.TestInvoker.invokeTestMethods(TestInvoker.java:203)
at org.testng.internal.invokers.TestMethodWorker.invokeTestMethods(TestMethodWorker.java:154)
at org.testng.internal.invokers.TestMethodWorker.run(TestMethodWorker.java:134)
at java.base/java.util.ArrayList.forEach(ArrayList.java:1596)
at org.testng.TestRunner.privateRun(TestRunner.java:744)
at org.testng.TestRunner.run(TestRunner.java:616)
at org.testng.SuiteRunner.runTest(SuiteRunner.java:421)
at org.testng.SuiteRunner.runSequentially(SuiteRunner.java:413)
at org.testng.SuiteRunner.privateRun(SuiteRunner.java:373)
at org.testng.SuiteRunner.run(SuiteRunner.java:312)
at org.testng.SuiteRunnerWorker.runSuite(SuiteRunnerWorker.java:52)
at org.testng.SuiteRunnerWorker.run(SuiteRunnerWorker.java:95)
at org.testng.TestNG.runSuitesSequentially(TestNG.java:1274)
at org.testng.TestNG.runSuitesLocally(TestNG.java:1208)
at org.testng.TestNG.runSuites(TestNG.java:1112)
at org.testng.TestNG.run(TestNG.java:1079)
at org.testng.remote.AbstractRemoteTestNG.run(AbstractRemoteTestNG.java:115)
at org.testng.remote.RemoteTestNG.initAndRun(RemoteTestNG.java:293)
at org.testng.remote.RemoteTestNG.main(RemoteTestNG.java:91)
Caused by: org.codehaus.groovy.control.MultipleCompilationErrorsException: startup failed:
Script1.groovy: 1: Unexpected input: '[' @ line 1, column 34.
   restAssuredJsonRootObject.content[*].projectId
                                    ^

1 error

at org.codehaus.groovy.control.ErrorCollector.failIfErrors(ErrorCollector.java:292)
at org.codehaus.groovy.control.ErrorCollector.addFatalError(ErrorCollector.java:148)
at org.apache.groovy.parser.antlr4.AstBuilder.collectSyntaxError(AstBuilder.java:4714)
at org.apache.groovy.parser.antlr4.AstBuilder$3.syntaxError(AstBuilder.java:4725)
at groovyjarjarantlr4.v4.runtime.ProxyErrorListener.syntaxError(ProxyErrorListener.java:44)
at groovyjarjarantlr4.v4.runtime.Parser.notifyErrorListeners(Parser.java:543)
at groovyjarjarantlr4.v4.runtime.DefaultErrorStrategy.notifyErrorListeners(DefaultErrorStrategy.java:154)
at org.apache.groovy.parser.antlr4.internal.DescriptiveErrorStrategy.reportInputMismatch(DescriptiveErrorStrategy.java:104)
at org.apache.groovy.parser.antlr4.internal.DescriptiveErrorStrategy.recover(DescriptiveErrorStrategy.java:55)
at org.apache.groovy.parser.antlr4.internal.DescriptiveErrorStrategy.recoverInline(DescriptiveErrorStrategy.java:68)
at groovyjarjarantlr4.v4.runtime.Parser.match(Parser.java:213)
at org.apache.groovy.parser.antlr4.GroovyParser.compilationUnit(GroovyParser.java:366)
at org.apache.groovy.parser.antlr4.AstBuilder.buildCST(AstBuilder.java:250)
at org.apache.groovy.parser.antlr4.AstBuilder.buildCST(AstBuilder.java:228)
at org.apache.groovy.parser.antlr4.AstBuilder.buildAST(AstBuilder.java:269)
at org.apache.groovy.parser.antlr4.Antlr4ParserPlugin.buildAST(Antlr4ParserPlugin.java:58)
at org.codehaus.groovy.control.SourceUnit.buildAST(SourceUnit.java:256)
at java.base/java.util.Iterator.forEachRemaining(Iterator.java:133)
at java.base/java.util.Spliterators$IteratorSpliterator.forEachRemaining(Spliterators.java:1939)
at java.base/java.util.stream.ReferencePipeline$Head.forEach(ReferencePipeline.java:762)
at org.codehaus.groovy.control.CompilationUnit.compile(CompilationUnit.java:639)
at groovy.lang.GroovyClassLoader.doParseClass(GroovyClassLoader.java:399)
at groovy.lang.GroovyClassLoader.lambda$parseClass$5(GroovyClassLoader.java:345)
at org.codehaus.groovy.runtime.memoize.ConcurrentCommonCache.getAndPut(ConcurrentCommonCache.java:138)
at groovy.lang.GroovyClassLoader.parseClass(GroovyClassLoader.java:345)
at groovy.lang.GroovyClassLoader.parseClass(GroovyClassLoader.java:329)
at groovy.lang.GroovyClassLoader.parseClass(GroovyClassLoader.java:303)
at io.restassured.internal.path.json.JSONAssertion.eval(JSONAssertion.java:118)
at io.restassured.internal.path.json.JSONAssertion.getAsJsonObject(JSONAssertion.java:88)
... 29 more
]]>
    </error>
  </testcase> <!-- verifyBody -->
</testsuite> <!-- practice.responseValidation.ToGetAllProjectId_UsingJsonPath -->
