<?xml version="1.0" encoding="UTF-8"?>
<!-- Generated by org.testng.reporters.JUnitReportReporter -->
<testsuite hostname="Surajs-MacBook-Air.local" failures="0" tests="1" name="practice.postRequestUsingPojo.AddProjectUsingSchemaTest" time="1.996" errors="0" timestamp="2026-03-02T13:29:58 IST" skipped="0">
  <testcase classname="practice.postRequestUsingPojo.AddProjectUsingSchemaTest" name="postDataToServer" time="1.996"/>
</testsuite> <!-- practice.postRequestUsingPojo.AddProjectUsingSchemaTest -->
