<?xml version="1.0" encoding="UTF-8"?>
<!-- Generated by org.testng.reporters.JUnitReportReporter -->
<testsuite hostname="Surajs-MacBook-Air.local" failures="0" tests="8" name="DDT.AddMultipleProjectTest" time="8.195" errors="0" timestamp="2026-02-27T15:07:01 IST" skipped="0">
  <testcase classname="DDT.AddMultipleProjectTest" name="addMultipleProjectTest" time="1.119"/>
  <testcase classname="DDT.AddMultipleProjectTest" name="addMultipleProjectTest" time="1.069"/>
  <testcase classname="DDT.AddMultipleProjectTest" name="addMultipleProjectTest" time="1.125"/>
  <testcase classname="DDT.AddMultipleProjectTest" name="addMultipleProjectTest" time="1.048"/>
  <testcase classname="DDT.AddMultipleProjectTest" name="addMultipleProjectTest" time="1.133"/>
  <testcase classname="DDT.AddMultipleProjectTest" name="addMultipleProjectTest" time="0.614"/>
  <testcase classname="DDT.AddMultipleProjectTest" name="addMultipleProjectTest" time="1.042"/>
  <testcase classname="DDT.AddMultipleProjectTest" name="addMultipleProjectTest" time="1.045"/>
</testsuite> <!-- DDT.AddMultipleProjectTest -->
