<?xml version="1.0" encoding="UTF-8"?>
<!-- Generated by org.testng.reporters.JUnitReportReporter -->
<testsuite hostname="Surajs-MacBook-Air.local" failures="0" tests="1" name="practice.responseValidation.ToGetAllProjectId_UsingJsonXpath" time="0.724" errors="0" timestamp="2026-02-26T13:19:59 IST" skipped="0">
  <testcase classname="practice.responseValidation.ToGetAllProjectId_UsingJsonXpath" name="verifyBody" time="0.724"/>
</testsuite> <!-- practice.responseValidation.ToGetAllProjectId_UsingJsonXpath -->
